<?xml version="1.0" encoding="UTF-8"?>
<!-- Generated by org.testng.reporters.JUnitXMLReporter -->
<testsuite ignored="9" hostname="7XITD-AZ39N" failures="0" tests="1" name="Default test" time="60.323" errors="0" timestamp="2025-01-28T19:12:39 GMT+04:00">
  <testcase classname="tests.merchant_tests" name="CreateDomesticShipment" time="49.972"/>
  <testcase classname="tests.merchant_tests" name="CompleteWalletTopup" time="0.0">
    <ignored/>
  </testcase> <!-- CompleteWalletTopup -->
  <testcase classname="tests.merchant_tests" name="CalculateCourierPricewithExceedingWeight" time="0.0">
    <ignored/>
  </testcase> <!-- CalculateCourierPricewithExceedingWeight -->
  <testcase classname="tests.merchant_tests" name="POSRefundButton" time="0.0">
    <ignored/>
  </testcase> <!-- POSRefundButton -->
  <testcase classname="tests.merchant_tests" name="POSRefundButtonDisableCase1" time="0.0">
    <ignored/>
  </testcase> <!-- POSRefundButtonDisableCase1 -->
  <testcase classname="tests.merchant_tests" name="POSRefundButtonDisableCase2" time="0.0">
    <ignored/>
  </testcase> <!-- POSRefundButtonDisableCase2 -->
  <testcase classname="tests.merchant_tests" name="SignUpIndividual" time="0.0">
    <ignored/>
  </testcase> <!-- SignUpIndividual -->
  <testcase classname="tests.merchant_tests" name="SignUpCompany" time="0.0">
    <ignored/>
  </testcase> <!-- SignUpCompany -->
  <testcase classname="tests.merchant_tests" name="CalculateCourierPriceAndSelectFedex" time="0.0">
    <ignored/>
  </testcase> <!-- CalculateCourierPriceAndSelectFedex -->
  <testcase classname="tests.merchant_tests" name="WalletMandatoryFieldTest" time="0.0">
    <ignored/>
  </testcase> <!-- WalletMandatoryFieldTest -->
</testsuite> <!-- Default test -->
